<?xml version="1.0" encoding="UTF-8"?>
<testsuite xmlns:xsi="http://www.w3.org/2001/XMLSchema-instance" xsi:noNamespaceSchemaLocation="https://maven.apache.org/surefire/maven-surefire-plugin/xsd/surefire-test-report-3.0.xsd" version="3.0" name="io.github.ap2java.payment.SamplePaymentProcessorTest" time="0.35" tests="8" errors="0" skipped="0" failures="0">
  <properties>
[...]
</properties>
  <testcase name="testCancelPayment" classname="io.github.ap2java.payment.SamplePaymentProcessorTest" time="0.297">
    <system-out><![CDATA[17:53:35.520 [ForkJoinPool.commonPool-worker-1] INFO io.github.ap2java.payment.SamplePaymentProcessor -- Creating payment for request: PaymentRequest(amount=50.00, currencyCode=USD, requestingAgentId=test-agent-1, receivingAgentId=test-agent-2, description=Test payment, metadata=null, externalReference=null, callbackUrl=null, paymentMethod=null)
17:53:35.628 [ForkJoinPool.commonPool-worker-1] INFO io.github.ap2java.payment.SamplePaymentProcessor -- Cancelling payment: fcd51b03-3edd-4abe-b16e-da24d8d6fe94
]]></system-out>
  </testcase>
  <testcase name="testCreatePayment" classname="io.github.ap2java.payment.SamplePaymentProcessorTest" time="0.002">
    <system-out><![CDATA[17:53:35.649 [ForkJoinPool.commonPool-worker-1] INFO io.github.ap2java.payment.SamplePaymentProcessor -- Creating payment for request: PaymentRequest(amount=50.00, currencyCode=USD, requestingAgentId=test-agent-1, receivingAgentId=test-agent-2, description=Test payment, metadata=null, externalReference=null, callbackUrl=null, paymentMethod=null)
]]></system-out>
  </testcase>
  <testcase name="testGetPayment" classname="io.github.ap2java.payment.SamplePaymentProcessorTest" time="0.003">
    <system-out><![CDATA[17:53:35.652 [ForkJoinPool.commonPool-worker-1] INFO io.github.ap2java.payment.SamplePaymentProcessor -- Creating payment for request: PaymentRequest(amount=50.00, currencyCode=USD, requestingAgentId=test-agent-1, receivingAgentId=test-agent-2, description=Test payment, metadata=null, externalReference=null, callbackUrl=null, paymentMethod=null)
17:53:35.653 [ForkJoinPool.commonPool-worker-1] INFO io.github.ap2java.payment.SamplePaymentProcessor -- Getting payment: cb699f16-5cdd-4848-951d-55a76627b83e
]]></system-out>
  </testcase>
  <testcase name="testCheckPaymentStatus" classname="io.github.ap2java.payment.SamplePaymentProcessorTest" time="0.003">
    <system-out><![CDATA[17:53:35.655 [ForkJoinPool.commonPool-worker-1] INFO io.github.ap2java.payment.SamplePaymentProcessor -- Creating payment for request: PaymentRequest(amount=50.00, currencyCode=USD, requestingAgentId=test-agent-1, receivingAgentId=test-agent-2, description=Test payment, metadata=null, externalReference=null, callbackUrl=null, paymentMethod=null)
17:53:35.657 [ForkJoinPool.commonPool-worker-1] INFO io.github.ap2java.payment.SamplePaymentProcessor -- Authorizing payment: 2e0747a4-34c9-4cba-b541-51f33031fc20
17:53:35.658 [ForkJoinPool.commonPool-worker-1] INFO io.github.ap2java.payment.SamplePaymentProcessor -- Checking payment status: 2e0747a4-34c9-4cba-b541-51f33031fc20
]]></system-out>
  </testcase>
  <testcase name="testCapturePayment" classname="io.github.ap2java.payment.SamplePaymentProcessorTest" time="0.002">
    <system-out><![CDATA[17:53:35.659 [ForkJoinPool.commonPool-worker-1] INFO io.github.ap2java.payment.SamplePaymentProcessor -- Creating payment for request: PaymentRequest(amount=50.00, currencyCode=USD, requestingAgentId=test-agent-1, receivingAgentId=test-agent-2, description=Test payment, metadata=null, externalReference=null, callbackUrl=null, paymentMethod=null)
17:53:35.660 [ForkJoinPool.commonPool-worker-1] INFO io.github.ap2java.payment.SamplePaymentProcessor -- Authorizing payment: 46f74173-4b9f-40c6-88ea-b28e0d6e6dc4
17:53:35.660 [ForkJoinPool.commonPool-worker-1] INFO io.github.ap2java.payment.SamplePaymentProcessor -- Capturing payment: 46f74173-4b9f-40c6-88ea-b28e0d6e6dc4
]]></system-out>
  </testcase>
  <testcase name="testRefundPayment" classname="io.github.ap2java.payment.SamplePaymentProcessorTest" time="0.002">
    <system-out><![CDATA[17:53:35.664 [ForkJoinPool.commonPool-worker-1] INFO io.github.ap2java.payment.SamplePaymentProcessor -- Creating payment for request: PaymentRequest(amount=50.00, currencyCode=USD, requestingAgentId=test-agent-1, receivingAgentId=test-agent-2, description=Test payment, metadata=null, externalReference=null, callbackUrl=null, paymentMethod=null)
17:53:35.664 [ForkJoinPool.commonPool-worker-1] INFO io.github.ap2java.payment.SamplePaymentProcessor -- Authorizing payment: 40ff80ba-cb0f-4f76-8ae0-062324a9ca19
17:53:35.664 [ForkJoinPool.commonPool-worker-1] INFO io.github.ap2java.payment.SamplePaymentProcessor -- Capturing payment: 40ff80ba-cb0f-4f76-8ae0-062324a9ca19
17:53:35.665 [ForkJoinPool.commonPool-worker-1] INFO io.github.ap2java.payment.SamplePaymentProcessor -- Refunding payment: 40ff80ba-cb0f-4f76-8ae0-062324a9ca19
]]></system-out>
  </testcase>
  <testcase name="testNonExistentPayment" classname="io.github.ap2java.payment.SamplePaymentProcessorTest" time="0.002">
    <system-out><![CDATA[17:53:35.668 [ForkJoinPool.commonPool-worker-1] INFO io.github.ap2java.payment.SamplePaymentProcessor -- Checking payment status: non-existent-id
]]></system-out>
  </testcase>
  <testcase name="testAuthorizePayment" classname="io.github.ap2java.payment.SamplePaymentProcessorTest" time="0.001">
    <system-out><![CDATA[17:53:35.670 [ForkJoinPool.commonPool-worker-1] INFO io.github.ap2java.payment.SamplePaymentProcessor -- Creating payment for request: PaymentRequest(amount=50.00, currencyCode=USD, requestingAgentId=test-agent-1, receivingAgentId=test-agent-2, description=Test payment, metadata=null, externalReference=null, callbackUrl=null, paymentMethod=null)
17:53:35.670 [ForkJoinPool.commonPool-worker-1] INFO io.github.ap2java.payment.SamplePaymentProcessor -- Authorizing payment: ee1fdeeb-c28c-4ad5-8762-2a6998909ac1
]]></system-out>
  </testcase>
</testsuite>